                                      1 ;--------------------------------------------------------
                                      2 ; File Created by SDCC : free open source ISO C Compiler
                                      3 ; Version 4.4.4 #14992 (MINGW64)
                                      4 ;--------------------------------------------------------
                                      5 	.module main
                                      6 	
                                      7 ;--------------------------------------------------------
                                      8 ; Public variables in this module
                                      9 ;--------------------------------------------------------
                                     10 	.globl _main
                                     11 	.globl _GPIO_WriteLow
                                     12 	.globl _GPIO_WriteHigh
                                     13 	.globl _GPIO_Init
                                     14 	.globl _max7219_init
                                     15 	.globl _max7219_posli
                                     16 	.globl _delay
                                     17 ;--------------------------------------------------------
                                     18 ; ram data
                                     19 ;--------------------------------------------------------
                                     20 	.area DATA
                                     21 ;--------------------------------------------------------
                                     22 ; ram data
                                     23 ;--------------------------------------------------------
                                     24 	.area INITIALIZED
                                     25 ;--------------------------------------------------------
                                     26 ; Stack segment in internal ram
                                     27 ;--------------------------------------------------------
                                     28 	.area SSEG
      000000                         29 __start__stack:
      000000                         30 	.ds	1
                                     31 
                                     32 ;--------------------------------------------------------
                                     33 ; absolute external ram data
                                     34 ;--------------------------------------------------------
                                     35 	.area DABS (ABS)
                                     36 
                                     37 ; default segment ordering for linker
                                     38 	.area HOME
                                     39 	.area GSINIT
                                     40 	.area GSFINAL
                                     41 	.area CONST
                                     42 	.area INITIALIZER
                                     43 	.area CODE
                                     44 
                                     45 ;--------------------------------------------------------
                                     46 ; interrupt vector
                                     47 ;--------------------------------------------------------
                                     48 	.area HOME
      000000                         49 __interrupt_vect:
      000000 82v00u00u00             50 	int s_GSINIT ; reset
      000004 82v00u00u00             51 	int _TRAP_IRQHandler ; trap
      000008 82v00u00u00             52 	int _TLI_IRQHandler ; int0
      00000C 82v00u00u00             53 	int _AWU_IRQHandler ; int1
      000010 82v00u00u00             54 	int _CLK_IRQHandler ; int2
      000014 82v00u00u00             55 	int _EXTI_PORTA_IRQHandler ; int3
      000018 82v00u00u00             56 	int _EXTI_PORTB_IRQHandler ; int4
      00001C 82v00u00u00             57 	int _EXTI_PORTC_IRQHandler ; int5
      000020 82v00u00u00             58 	int _EXTI_PORTD_IRQHandler ; int6
      000024 82v00u00u00             59 	int _EXTI_PORTE_IRQHandler ; int7
      000028 82v00u00u00             60 	int _CAN_RX_IRQHandler ; int8
      00002C 82v00u00u00             61 	int _CAN_TX_IRQHandler ; int9
      000030 82v00u00u00             62 	int _SPI_IRQHandler ; int10
      000034 82v00u00u00             63 	int _TIM1_UPD_OVF_TRG_BRK_IRQHandler ; int11
      000038 82v00u00u00             64 	int _TIM1_CAP_COM_IRQHandler ; int12
      00003C 82v00u00u00             65 	int _TIM2_UPD_OVF_BRK_IRQHandler ; int13
      000040 82v00u00u00             66 	int _TIM2_CAP_COM_IRQHandler ; int14
      000044 82v00u00u00             67 	int _TIM3_UPD_OVF_BRK_IRQHandler ; int15
      000048 82v00u00u00             68 	int _TIM3_CAP_COM_IRQHandler ; int16
      00004C 82v00u00u00             69 	int _UART1_TX_IRQHandler ; int17
      000050 82v00u00u00             70 	int _UART1_RX_IRQHandler ; int18
      000054 82v00u00u00             71 	int _I2C_IRQHandler ; int19
      000058 82v00u00u00             72 	int _UART3_TX_IRQHandler ; int20
      00005C 82v00u00u00             73 	int _UART3_RX_IRQHandler ; int21
      000060 82v00u00u00             74 	int _ADC2_IRQHandler ; int22
      000064 82v00u00u00             75 	int _TIM4_UPD_OVF_IRQHandler ; int23
      000068 82v00u00u00             76 	int _EEPROM_EEC_IRQHandler ; int24
                                     77 ;--------------------------------------------------------
                                     78 ; global & static initialisations
                                     79 ;--------------------------------------------------------
                                     80 	.area HOME
                                     81 	.area GSINIT
                                     82 	.area GSFINAL
                                     83 	.area GSINIT
      000000 CDr00r00         [ 4]   84 	call	___sdcc_external_startup
      000003 4D               [ 1]   85 	tnz	a
      000004 27 03            [ 1]   86 	jreq	__sdcc_init_data
      000006 CCr00r6C         [ 2]   87 	jp	__sdcc_program_startup
      000009                         88 __sdcc_init_data:
                                     89 ; stm8_genXINIT() start
      000009 AEr00r00         [ 2]   90 	ldw x, #l_DATA
      00000C 27 07            [ 1]   91 	jreq	00002$
      00000E                         92 00001$:
      00000E 72 4FuFFuFF      [ 1]   93 	clr (s_DATA - 1, x)
      000012 5A               [ 2]   94 	decw x
      000013 26 F9            [ 1]   95 	jrne	00001$
      000015                         96 00002$:
      000015 AEr00r00         [ 2]   97 	ldw	x, #l_INITIALIZER
      000018 27 09            [ 1]   98 	jreq	00004$
      00001A                         99 00003$:
      00001A D6uFFuFF         [ 1]  100 	ld	a, (s_INITIALIZER - 1, x)
      00001D D7uFFuFF         [ 1]  101 	ld	(s_INITIALIZED - 1, x), a
      000020 5A               [ 2]  102 	decw	x
      000021 26 F7            [ 1]  103 	jrne	00003$
      000023                        104 00004$:
                                    105 ; stm8_genXINIT() end
                                    106 	.area GSFINAL
      000000 CCr00r6C         [ 2]  107 	jp	__sdcc_program_startup
                                    108 ;--------------------------------------------------------
                                    109 ; Home
                                    110 ;--------------------------------------------------------
                                    111 	.area HOME
                                    112 	.area HOME
      00006C                        113 __sdcc_program_startup:
      00006C CCr00r00         [ 2]  114 	jp	_main
                                    115 ;	return from main will return to caller
                                    116 ;--------------------------------------------------------
                                    117 ; code
                                    118 ;--------------------------------------------------------
                                    119 	.area CODE
                                    120 ;	./src/main.c: 36: void main(void) {
                                    121 ; genLabel
                                    122 ;	-----------------------------------------
                                    123 ;	 function main
                                    124 ;	-----------------------------------------
                                    125 ;	Register assignment is optimal.
                                    126 ;	Stack space usage: 0 bytes.
      000000                        127 _main:
                                    128 ;	./src/main.c: 37: uint8_t cislo = 0;
                                    129 ; genAssign
      000000 4F               [ 1]  130 	clr	a
                                    131 ;	./src/main.c: 39: max7219_init();
                                    132 ; genCall
      000001 88               [ 1]  133 	push	a
      000002 CDr00r23         [ 4]  134 	call	_max7219_init
      000005 84               [ 1]  135 	pop	a
                                    136 ;	./src/main.c: 41: while (1) {
                                    137 ; genLabel
      000006                        138 00102$:
                                    139 ;	./src/main.c: 42: max7219_posli(DIGIT0, cislo);
                                    140 ; genIPush
      000006 88               [ 1]  141 	push	a
      000007 88               [ 1]  142 	push	a
                                    143 ; genSend
      000008 A6 01            [ 1]  144 	ld	a, #0x01
                                    145 ; genCall
      00000A CDr00r65         [ 4]  146 	call	_max7219_posli
      00000D 84               [ 1]  147 	pop	a
                                    148 ;	./src/main.c: 44: cislo = (cislo + 1) % 10;
                                    149 ; genAssign
                                    150 ; genCast
                                    151 ; genAssign
                                    152 ; genPlus
      00000E 4C               [ 1]  153 	inc	a
                                    154 ; genDivMod
      00000F 5F               [ 1]  155 	clrw	x
      000010 97               [ 1]  156 	ld	xl, a
      000011 A6 0A            [ 1]  157 	ld	a, #0x0a
      000013 62               [ 2]  158 	div	x, a
                                    159 ; genCast
                                    160 ; genAssign
                                    161 ;	./src/main.c: 46: delay(500);
                                    162 ; genIPush
      000014 88               [ 1]  163 	push	a
      000015 4B F4            [ 1]  164 	push	#0xf4
      000017 4B 01            [ 1]  165 	push	#0x01
      000019 5F               [ 1]  166 	clrw	x
      00001A 89               [ 2]  167 	pushw	x
                                    168 ; genCall
      00001B CDr00rF6         [ 4]  169 	call	_delay
      00001E 84               [ 1]  170 	pop	a
                                    171 ; genGoto
      00001F CCr00r06         [ 2]  172 	jp	00102$
                                    173 ; genLabel
      000022                        174 00104$:
                                    175 ;	./src/main.c: 48: }
                                    176 ; genEndFunction
      000022 81               [ 4]  177 	ret
                                    178 ;	Total main function size at codegen: 35 bytes.
                                    179 ;	./src/main.c: 50: void max7219_init(void) {
                                    180 ; genLabel
                                    181 ;	-----------------------------------------
                                    182 ;	 function max7219_init
                                    183 ;	-----------------------------------------
                                    184 ;	Register assignment is optimal.
                                    185 ;	Stack space usage: 0 bytes.
      000023                        186 _max7219_init:
                                    187 ;	./src/main.c: 52: GPIO_Init(CS_GPIO, CS_PIN, GPIO_MODE_OUT_PP_LOW_SLOW);
                                    188 ; genIPush
      000023 4B C0            [ 1]  189 	push	#0xc0
                                    190 ; genSend
      000025 A6 04            [ 1]  191 	ld	a, #0x04
                                    192 ; genSend
      000027 AE 50 0F         [ 2]  193 	ldw	x, #0x500f
                                    194 ; genCall
      00002A CDr00r00         [ 4]  195 	call	_GPIO_Init
                                    196 ;	./src/main.c: 53: GPIO_Init(CLK_GPIO, CLK_PIN, GPIO_MODE_OUT_PP_LOW_SLOW);
                                    197 ; genIPush
      00002D 4B C0            [ 1]  198 	push	#0xc0
                                    199 ; genSend
      00002F A6 10            [ 1]  200 	ld	a, #0x10
                                    201 ; genSend
      000031 AE 50 0F         [ 2]  202 	ldw	x, #0x500f
                                    203 ; genCall
      000034 CDr00r00         [ 4]  204 	call	_GPIO_Init
                                    205 ;	./src/main.c: 54: GPIO_Init(DATA_GPIO, DATA_PIN, GPIO_MODE_OUT_PP_LOW_SLOW);
                                    206 ; genIPush
      000037 4B C0            [ 1]  207 	push	#0xc0
                                    208 ; genSend
      000039 A6 08            [ 1]  209 	ld	a, #0x08
                                    210 ; genSend
      00003B AE 50 0F         [ 2]  211 	ldw	x, #0x500f
                                    212 ; genCall
      00003E CDr00r00         [ 4]  213 	call	_GPIO_Init
                                    214 ;	./src/main.c: 57: max7219_posli(DECODE_MODE, DECODE_ALL);  // zapnutí znakového režimu
                                    215 ; genIPush
      000041 4B FF            [ 1]  216 	push	#0xff
                                    217 ; genSend
      000043 A6 09            [ 1]  218 	ld	a, #0x09
                                    219 ; genCall
      000045 CDr00r65         [ 4]  220 	call	_max7219_posli
                                    221 ;	./src/main.c: 58: max7219_posli(SCAN_LIMIT, 0);           // Používám jen jednu cifru
                                    222 ; genIPush
      000048 4B 00            [ 1]  223 	push	#0x00
                                    224 ; genSend
      00004A A6 0B            [ 1]  225 	ld	a, #0x0b
                                    226 ; genCall
      00004C CDr00r65         [ 4]  227 	call	_max7219_posli
                                    228 ;	./src/main.c: 59: max7219_posli(INTENSITY, 1);            // Nízký jas
                                    229 ; genIPush
      00004F 4B 01            [ 1]  230 	push	#0x01
                                    231 ; genSend
      000051 A6 0A            [ 1]  232 	ld	a, #0x0a
                                    233 ; genCall
      000053 CDr00r65         [ 4]  234 	call	_max7219_posli
                                    235 ;	./src/main.c: 60: max7219_posli(DISPLAY_TEST, DISPLAY_TEST_OFF); // Vypnutí testu
                                    236 ; genIPush
      000056 4B 00            [ 1]  237 	push	#0x00
                                    238 ; genSend
      000058 A6 0F            [ 1]  239 	ld	a, #0x0f
                                    240 ; genCall
      00005A CDr00r65         [ 4]  241 	call	_max7219_posli
                                    242 ;	./src/main.c: 61: max7219_posli(SHUTDOWN, DISPLAY_ON);    // Zapnutí displeje
                                    243 ; genIPush
      00005D 4B 01            [ 1]  244 	push	#0x01
                                    245 ; genSend
      00005F A6 0C            [ 1]  246 	ld	a, #0x0c
                                    247 ; genCall
      000061 CDr00r65         [ 4]  248 	call	_max7219_posli
                                    249 ; genLabel
      000064                        250 00101$:
                                    251 ;	./src/main.c: 62: }
                                    252 ; genEndFunction
      000064 81               [ 4]  253 	ret
                                    254 ;	Total max7219_init function size at codegen: 66 bytes.
                                    255 ;	./src/main.c: 64: void max7219_posli(uint8_t adresa, uint8_t data) {
                                    256 ; genLabel
                                    257 ;	-----------------------------------------
                                    258 ;	 function max7219_posli
                                    259 ;	-----------------------------------------
                                    260 ;	Register assignment is optimal.
                                    261 ;	Stack space usage: 2 bytes.
      000065                        262 _max7219_posli:
      000065 89               [ 2]  263 	pushw	x
                                    264 ; genReceive
      000066 6B 01            [ 1]  265 	ld	(0x01, sp), a
                                    266 ;	./src/main.c: 67: CS_LOW; // Aktivace komunikace (LOAD/CS do Low)
                                    267 ; genSend
      000068 A6 04            [ 1]  268 	ld	a, #0x04
                                    269 ; genSend
      00006A AE 50 0F         [ 2]  270 	ldw	x, #0x500f
                                    271 ; genCall
      00006D CDr00r00         [ 4]  272 	call	_GPIO_WriteLow
                                    273 ;	./src/main.c: 70: maska = 0x80;
                                    274 ; genAssign
      000070 A6 80            [ 1]  275 	ld	a, #0x80
      000072 6B 02            [ 1]  276 	ld	(0x02, sp), a
                                    277 ;	./src/main.c: 71: while (maska) {
                                    278 ; genLabel
      000074                        279 00104$:
                                    280 ; genIfx
      000074 0D 02            [ 1]  281 	tnz	(0x02, sp)
      000076 26 03            [ 1]  282 	jrne	00157$
      000078 CCr00rAD         [ 2]  283 	jp	00106$
      00007B                        284 00157$:
                                    285 ;	./src/main.c: 72: if (maska & adresa) {
                                    286 ; genAnd
      00007B 7B 02            [ 1]  287 	ld	a, (0x02, sp)
      00007D 14 01            [ 1]  288 	and	a, (0x01, sp)
                                    289 ; genIfx
      00007F 4D               [ 1]  290 	tnz	a
      000080 26 03            [ 1]  291 	jrne	00158$
      000082 CCr00r90         [ 2]  292 	jp	00102$
      000085                        293 00158$:
                                    294 ;	./src/main.c: 73: DATA_HIGH;
                                    295 ; genSend
      000085 A6 08            [ 1]  296 	ld	a, #0x08
                                    297 ; genSend
      000087 AE 50 0F         [ 2]  298 	ldw	x, #0x500f
                                    299 ; genCall
      00008A CDr00r00         [ 4]  300 	call	_GPIO_WriteHigh
                                    301 ; genGoto
      00008D CCr00r98         [ 2]  302 	jp	00103$
                                    303 ; genLabel
      000090                        304 00102$:
                                    305 ;	./src/main.c: 75: DATA_LOW;
                                    306 ; genSend
      000090 A6 08            [ 1]  307 	ld	a, #0x08
                                    308 ; genSend
      000092 AE 50 0F         [ 2]  309 	ldw	x, #0x500f
                                    310 ; genCall
      000095 CDr00r00         [ 4]  311 	call	_GPIO_WriteLow
                                    312 ; genLabel
      000098                        313 00103$:
                                    314 ;	./src/main.c: 77: CLK_HIGH;
                                    315 ; genSend
      000098 A6 10            [ 1]  316 	ld	a, #0x10
                                    317 ; genSend
      00009A AE 50 0F         [ 2]  318 	ldw	x, #0x500f
                                    319 ; genCall
      00009D CDr00r00         [ 4]  320 	call	_GPIO_WriteHigh
                                    321 ;	./src/main.c: 78: CLK_LOW;
                                    322 ; genSend
      0000A0 A6 10            [ 1]  323 	ld	a, #0x10
                                    324 ; genSend
      0000A2 AE 50 0F         [ 2]  325 	ldw	x, #0x500f
                                    326 ; genCall
      0000A5 CDr00r00         [ 4]  327 	call	_GPIO_WriteLow
                                    328 ;	./src/main.c: 79: maska >>= 1;
                                    329 ; genRightShiftLiteral
      0000A8 04 02            [ 1]  330 	srl	(0x02, sp)
                                    331 ; genGoto
      0000AA CCr00r74         [ 2]  332 	jp	00104$
                                    333 ; genLabel
      0000AD                        334 00106$:
                                    335 ;	./src/main.c: 83: maska = 0x80;
                                    336 ; genAssign
      0000AD A6 80            [ 1]  337 	ld	a, #0x80
      0000AF 6B 02            [ 1]  338 	ld	(0x02, sp), a
                                    339 ;	./src/main.c: 84: while (maska) {
                                    340 ; genLabel
      0000B1                        341 00110$:
                                    342 ; genIfx
      0000B1 0D 02            [ 1]  343 	tnz	(0x02, sp)
      0000B3 26 03            [ 1]  344 	jrne	00159$
      0000B5 CCr00rEA         [ 2]  345 	jp	00112$
      0000B8                        346 00159$:
                                    347 ;	./src/main.c: 85: if (maska & data) {
                                    348 ; genAnd
      0000B8 7B 02            [ 1]  349 	ld	a, (0x02, sp)
      0000BA 14 05            [ 1]  350 	and	a, (0x05, sp)
                                    351 ; genIfx
      0000BC 4D               [ 1]  352 	tnz	a
      0000BD 26 03            [ 1]  353 	jrne	00160$
      0000BF CCr00rCD         [ 2]  354 	jp	00108$
      0000C2                        355 00160$:
                                    356 ;	./src/main.c: 86: DATA_HIGH;
                                    357 ; genSend
      0000C2 A6 08            [ 1]  358 	ld	a, #0x08
                                    359 ; genSend
      0000C4 AE 50 0F         [ 2]  360 	ldw	x, #0x500f
                                    361 ; genCall
      0000C7 CDr00r00         [ 4]  362 	call	_GPIO_WriteHigh
                                    363 ; genGoto
      0000CA CCr00rD5         [ 2]  364 	jp	00109$
                                    365 ; genLabel
      0000CD                        366 00108$:
                                    367 ;	./src/main.c: 88: DATA_LOW;
                                    368 ; genSend
      0000CD A6 08            [ 1]  369 	ld	a, #0x08
                                    370 ; genSend
      0000CF AE 50 0F         [ 2]  371 	ldw	x, #0x500f
                                    372 ; genCall
      0000D2 CDr00r00         [ 4]  373 	call	_GPIO_WriteLow
                                    374 ; genLabel
      0000D5                        375 00109$:
                                    376 ;	./src/main.c: 90: CLK_HIGH; 
                                    377 ; genSend
      0000D5 A6 10            [ 1]  378 	ld	a, #0x10
                                    379 ; genSend
      0000D7 AE 50 0F         [ 2]  380 	ldw	x, #0x500f
                                    381 ; genCall
      0000DA CDr00r00         [ 4]  382 	call	_GPIO_WriteHigh
                                    383 ;	./src/main.c: 91: CLK_LOW;
                                    384 ; genSend
      0000DD A6 10            [ 1]  385 	ld	a, #0x10
                                    386 ; genSend
      0000DF AE 50 0F         [ 2]  387 	ldw	x, #0x500f
                                    388 ; genCall
      0000E2 CDr00r00         [ 4]  389 	call	_GPIO_WriteLow
                                    390 ;	./src/main.c: 92: maska >>= 1;
                                    391 ; genRightShiftLiteral
      0000E5 04 02            [ 1]  392 	srl	(0x02, sp)
                                    393 ; genGoto
      0000E7 CCr00rB1         [ 2]  394 	jp	00110$
                                    395 ; genLabel
      0000EA                        396 00112$:
                                    397 ;	./src/main.c: 95: CS_HIGH; // Deaktivace komunikace (LOAD/CS do High)
                                    398 ; genSend
      0000EA A6 04            [ 1]  399 	ld	a, #0x04
                                    400 ; genSend
      0000EC AE 50 0F         [ 2]  401 	ldw	x, #0x500f
                                    402 ; genCall
      0000EF CDr00r00         [ 4]  403 	call	_GPIO_WriteHigh
                                    404 ; genLabel
      0000F2                        405 00113$:
                                    406 ;	./src/main.c: 96: }
                                    407 ; genEndFunction
      0000F2 85               [ 2]  408 	popw	x
      0000F3 85               [ 2]  409 	popw	x
      0000F4 84               [ 1]  410 	pop	a
      0000F5 FC               [ 2]  411 	jp	(x)
                                    412 ;	Total max7219_posli function size at codegen: 145 bytes.
                                    413 ;	./src/main.c: 98: void delay(uint32_t ms) {
                                    414 ; genLabel
                                    415 ;	-----------------------------------------
                                    416 ;	 function delay
                                    417 ;	-----------------------------------------
                                    418 ;	Register assignment might be sub-optimal.
                                    419 ;	Stack space usage: 4 bytes.
      0000F6                        420 _delay:
      0000F6 52 04            [ 2]  421 	sub	sp, #4
                                    422 ;	./src/main.c: 99: while (ms--) {
                                    423 ; genAssign
      0000F8 16 09            [ 2]  424 	ldw	y, (0x09, sp)
                                    425 ; genLabel
      0000FA                        426 00102$:
                                    427 ; genAssign
      0000FA 17 03            [ 2]  428 	ldw	(0x03, sp), y
      0000FC 1E 07            [ 2]  429 	ldw	x, (0x07, sp)
      0000FE 1F 01            [ 2]  430 	ldw	(0x01, sp), x
                                    431 ; genMinus
      000100 72 A2 00 01      [ 2]  432 	subw	y, #0x0001
      000104 1E 07            [ 2]  433 	ldw	x, (0x07, sp)
      000106 24 01            [ 1]  434 	jrnc	00139$
      000108 5A               [ 2]  435 	decw	x
      000109                        436 00139$:
      000109 1F 07            [ 2]  437 	ldw	(0x07, sp), x
                                    438 ; genIfx
      00010B 1E 03            [ 2]  439 	ldw	x, (0x03, sp)
      00010D 26 07            [ 1]  440 	jrne	00140$
      00010F 1E 01            [ 2]  441 	ldw	x, (0x01, sp)
      000111 26 03            [ 1]  442 	jrne	00140$
      000113 CCr01r27         [ 2]  443 	jp	00108$
      000116                        444 00140$:
                                    445 ;	./src/main.c: 100: for (uint32_t i = 0; i < 200; i++) {
                                    446 ; genAssign
      000116 0F 04            [ 1]  447 	clr	(0x04, sp)
                                    448 ; genLabel
      000118                        449 00106$:
                                    450 ; genCmp
                                    451 ; genCmpTnz
      000118 7B 04            [ 1]  452 	ld	a, (0x04, sp)
      00011A A1 C8            [ 1]  453 	cp	a, #0xc8
      00011C 25 03            [ 1]  454 	jrc	00141$
      00011E CCr00rFA         [ 2]  455 	jp	00102$
      000121                        456 00141$:
                                    457 ; skipping generated iCode
                                    458 ;	./src/main.c: 101: __asm__("nop");
                                    459 ;	genInline
      000121 9D               [ 1]  460 	nop
                                    461 ;	./src/main.c: 100: for (uint32_t i = 0; i < 200; i++) {
                                    462 ; genPlus
      000122 0C 04            [ 1]  463 	inc	(0x04, sp)
                                    464 ; genGoto
      000124 CCr01r18         [ 2]  465 	jp	00106$
                                    466 ; genLabel
      000127                        467 00108$:
                                    468 ;	./src/main.c: 104: }
                                    469 ; genEndFunction
      000127 1E 05            [ 2]  470 	ldw	x, (5, sp)
      000129 5B 0A            [ 2]  471 	addw	sp, #10
      00012B FC               [ 2]  472 	jp	(x)
                                    473 ;	Total delay function size at codegen: 53 bytes.
                                    474 	.area CODE
                                    475 	.area CONST
                                    476 	.area INITIALIZER
                                    477 	.area CABS (ABS)
